Cyclotourhub/OSMBonusPack/build/intermediates/manifest_merge_blame_file/debug/manifest-merger-blame-debug-report.txt
1<?xml version="1.0" encoding="utf-8"?>
2<manifest xmlns:android="http://schemas.android.com/apk/res/android"
3    package="org.osmdroid.bonuspack"
4    android:versionCode="67"
5    android:versionName="6.7-SNAPSHOT" >
6
7    <uses-sdk
8        android:minSdkVersion="16"
8-->src/main/AndroidManifest.xml
9        android:targetSdkVersion="28" />
9-->src/main/AndroidManifest.xml
10
11    <application />
11-->src/main/AndroidManifest.xml:4:5-20
12
13</manifest>